CRITICAL - 2023-09-15 18:38:26 --> Invalid file: "Title.php"
in SYSTEMPATH\Exceptions\FrameworkException.php on line 39.
 1 SYSTEMPATH\View\View.php(214): CodeIgniter\Exceptions\FrameworkException::forInvalidFile('Title.php')
 2 SYSTEMPATH\Common.php(1188): CodeIgniter\View\View->render('Title', [], true)
 3 APPPATH\Views\template.php(11): view('Title')
 4 SYSTEMPATH\View\View.php(226): include('D:\\File\\code\\CI4\\app\\Views\\template.php')
 5 SYSTEMPATH\View\View.php(229): CodeIgniter\View\View->CodeIgniter\View\{closure}()
 6 SYSTEMPATH\Common.php(1188): CodeIgniter\View\View->render('template', [], true)
 7 APPPATH\Controllers\BaseController.php(65): view('template', [...])
 8 APPPATH\Controllers\Home.php(14): App\Controllers\BaseController->template([...], [])
 9 SYSTEMPATH\CodeIgniter.php(919): App\Controllers\Home->index()
10 SYSTEMPATH\CodeIgniter.php(494): CodeIgniter\CodeIgniter->runController(Object(App\Controllers\Home))
11 SYSTEMPATH\CodeIgniter.php(353): CodeIgniter\CodeIgniter->handleRequest(null, Object(Config\Cache), false)
12 FCPATH\index.php(79): CodeIgniter\CodeIgniter->run()
13 SYSTEMPATH\Commands\Server\rewrite.php(47): require_once('D:\\File\\code\\CI4\\public\\index.php')
CRITICAL - 2023-09-15 18:38:28 --> Invalid file: "Title.php"
in SYSTEMPATH\Exceptions\FrameworkException.php on line 39.
 1 SYSTEMPATH\View\View.php(214): CodeIgniter\Exceptions\FrameworkException::forInvalidFile('Title.php')
 2 SYSTEMPATH\Common.php(1188): CodeIgniter\View\View->render('Title', [], true)
 3 APPPATH\Views\template.php(11): view('Title')
 4 SYSTEMPATH\View\View.php(226): include('D:\\File\\code\\CI4\\app\\Views\\template.php')
 5 SYSTEMPATH\View\View.php(229): CodeIgniter\View\View->CodeIgniter\View\{closure}()
 6 SYSTEMPATH\Common.php(1188): CodeIgniter\View\View->render('template', [], true)
 7 APPPATH\Controllers\BaseController.php(65): view('template', [...])
 8 APPPATH\Controllers\Home.php(14): App\Controllers\BaseController->template([...], [])
 9 SYSTEMPATH\CodeIgniter.php(919): App\Controllers\Home->index()
10 SYSTEMPATH\CodeIgniter.php(494): CodeIgniter\CodeIgniter->runController(Object(App\Controllers\Home))
11 SYSTEMPATH\CodeIgniter.php(353): CodeIgniter\CodeIgniter->handleRequest(null, Object(Config\Cache), false)
12 FCPATH\index.php(79): CodeIgniter\CodeIgniter->run()
13 SYSTEMPATH\Commands\Server\rewrite.php(47): require_once('D:\\File\\code\\CI4\\public\\index.php')
